0 info it worked if it ends with ok
1 verbose cli [ '/Users/taylor/.nvm/versions/node/v7.0.0/bin/node',
1 verbose cli   '/Users/taylor/.nvm/versions/node/v7.0.0/bin/npm',
1 verbose cli   'run',
1 verbose cli   'build' ]
2 info using npm@3.10.8
3 info using node@v7.0.0
4 verbose run-script [ 'prebuild', 'build', 'postbuild' ]
5 info lifecycle ElasticPress@~prebuild: ElasticPress@
6 silly lifecycle ElasticPress@~prebuild: no script for prebuild, continuing
7 info lifecycle ElasticPress@~build: ElasticPress@
8 verbose lifecycle ElasticPress@~build: unsafe-perm in lifecycle true
9 verbose lifecycle ElasticPress@~build: PATH: /Users/taylor/.nvm/versions/node/v7.0.0/lib/node_modules/npm/bin/node-gyp-bin:/Users/taylor/projects/elasticpress-test/wordpress/wp-content/plugins/elasticpress/node_modules/.bin:/Users/taylor/.nvm/versions/node/v7.0.0/bin:/Users/taylor/Library/Python/3.7/bin:/Users/taylor/Library/Python/2.7/lib/python/site-packages:/Users/taylor/.composer/vendor/bin:/usr/local/bin:/usr/bin:/bin:/usr/sbin:/sbin:/usr/local/opt/gettext/bin
10 verbose lifecycle ElasticPress@~build: CWD: /Users/taylor/projects/elasticpress-test/wordpress/wp-content/plugins/elasticpress
11 silly lifecycle ElasticPress@~build: Args: [ '-c', 'webpack --config config/webpack.prod.js' ]
12 silly lifecycle ElasticPress@~build: Returned: code: 2  signal: null
13 info lifecycle ElasticPress@~build: Failed to exec build script
14 verbose stack Error: ElasticPress@ build: `webpack --config config/webpack.prod.js`
14 verbose stack Exit status 2
14 verbose stack     at EventEmitter.<anonymous> (/Users/taylor/.nvm/versions/node/v7.0.0/lib/node_modules/npm/lib/utils/lifecycle.js:255:16)
14 verbose stack     at emitTwo (events.js:106:13)
14 verbose stack     at EventEmitter.emit (events.js:191:7)
14 verbose stack     at ChildProcess.<anonymous> (/Users/taylor/.nvm/versions/node/v7.0.0/lib/node_modules/npm/lib/utils/spawn.js:40:14)
14 verbose stack     at emitTwo (events.js:106:13)
14 verbose stack     at ChildProcess.emit (events.js:191:7)
14 verbose stack     at maybeClose (internal/child_process.js:877:16)
14 verbose stack     at Process.ChildProcess._handle.onexit (internal/child_process.js:226:5)
15 verbose pkgid ElasticPress@
16 verbose cwd /Users/taylor/projects/elasticpress-test/wordpress/wp-content/plugins/elasticpress
17 error Darwin 17.7.0
18 error argv "/Users/taylor/.nvm/versions/node/v7.0.0/bin/node" "/Users/taylor/.nvm/versions/node/v7.0.0/bin/npm" "run" "build"
19 error node v7.0.0
20 error npm  v3.10.8
21 error code ELIFECYCLE
22 error ElasticPress@ build: `webpack --config config/webpack.prod.js`
22 error Exit status 2
23 error Failed at the ElasticPress@ build script 'webpack --config config/webpack.prod.js'.
23 error Make sure you have the latest version of node.js and npm installed.
23 error If you do, this is most likely a problem with the ElasticPress package,
23 error not with npm itself.
23 error Tell the author that this fails on your system:
23 error     webpack --config config/webpack.prod.js
23 error You can get information on how to open an issue for this project with:
23 error     npm bugs ElasticPress
23 error Or if that isn't available, you can get their info via:
23 error     npm owner ls ElasticPress
23 error There is likely additional logging output above.
24 verbose exit [ 1, true ]
